<?xml version="1.0" encoding="UTF-8"?>
<!-- Generated by org.testng.reporters.JUnitXMLReporter -->
<testsuite ignored="0" hostname="DESKTOP-9STP60L" failures="0" tests="3" name="Test" time="25.584" errors="0" timestamp="2023-07-01T10:57:32 IST">
  <testcase classname="testPolicyBazzar.POL_TC_1234_ValidatingPersonalDetails" name="validatingProfilePageURL" time="2.897"/>
  <testcase classname="testPolicyBazzar.POL_TC_1234_ValidatingPersonalDetails" name="validatingUserName" time="1.292"/>
  <testcase classname="testPolicyBazzar.POL_TC_1234_ValidatingPersonalDetails" name="validatingEmailID" time="0.128"/>
</testsuite> <!-- Test -->
