<?xml version="1.0" encoding="UTF-8"?>
<testsuite xmlns:xsi="http://www.w3.org/2001/XMLSchema-instance" xsi:noNamespaceSchemaLocation="https://maven.apache.org/surefire/maven-surefire-plugin/xsd/surefire-test-report-3.0.xsd" version="3.0" name="TestSuite" time="47.762" tests="4" errors="0" skipped="0" failures="0">
  <properties>
[...]
</properties>
  <testcase name="validatingProfilePageURL" classname="testPolicyBazzar.POL_TC_1234_ValidatingPersonalDetails" time="2.899">
    <system-out><![CDATA[Launching Policy Bazzar Appilcation
Waiting for complete load page, wait time-1000
Clicking on sign in home page
Waiting for complete load page, wait time-1000
Reading data from excel row number-1, cell number-0
Entering mobile number
Waiting for,wait time-1000
Clicking on sign in with password
Waiting for,wait time-1000
Reading data from excel row number-1, cell number-1
Entering password
Clicking on sign in
Waiting for complete load page, wait time-1500
Clicking on my account
Waiting for,wait time-1000
Clicking on my profile
Waiting for complete load page, wait time-2000
validatingProfilePageURL Execution started
Actual and expected url are matching - TC is passed
validatingProfilePageURL is successfully executed
]]></system-out>
    <system-err><![CDATA[SLF4J: Failed to load class "org.slf4j.impl.StaticLoggerBinder".
SLF4J: Defaulting to no-operation (NOP) logger implementation
SLF4J: See http://www.slf4j.org/codes.html#StaticLoggerBinder for further details.
ERROR StatusLogger Log4j2 could not find a logging implementation. Please add log4j-core to the classpath. Using SimpleLogger to log to the console...
Starting ChromeDriver 114.0.5735.90 (386bc09e8f4f2e025eddae123f36f6263096ae49-refs/branch-heads/5735@{#1052}) on port 30591
Only local connections are allowed.
Please see https://chromedriver.chromium.org/security-considerations for suggestions on keeping ChromeDriver safe.
ChromeDriver was started successfully.
Jul 01, 2023 10:57:12 AM org.openqa.selenium.devtools.CdpVersionFinder findNearestMatch
WARNING: Unable to find an exact match for CDP version 114, so returning the closest version found: 111
]]></system-err>
  </testcase>
  <testcase name="validatingUserName" classname="testPolicyBazzar.POL_TC_1234_ValidatingPersonalDetails" time="1.293">
    <system-out><![CDATA[validatingUserName Execution started
Reading data from excel row number-1, cell number-2
Actual and expected username are matching - TC is Passed
Taking screenshot and stored at-C:\Users\palla\EclipseWorksapce\PolicyBazzarProject\screenshots\Pallavi Pustake-POL_TC_1234-3g.png
validatingUserName is successfully executed
]]></system-out>
  </testcase>
  <testcase name="validatingEmailID" classname="testPolicyBazzar.POL_TC_1234_ValidatingPersonalDetails" time="0.127">
    <system-out><![CDATA[validatingEmailID Execution started
Reading data from excel row number-1, cell number-3
Actual and expected EmailID's are matching - TC is passed
validatingEmailID is successfully executed
]]></system-out>
  </testcase>
  <testcase name="validatingUserName" classname="testPolicyBazzar.POL_TC_1233_ValidatingPolicyBazzarUserNamePropertyFile" time="3.705">
    <system-out><![CDATA[Logging out from Policy Bazzar Application
Launching Policy Bazzar Appilcation
Waiting for complete load page, wait time-1000
Waiting for,wait time-500
Clicking on sign in home page
Waiting for complete load page, wait time-1000
Reading data from property file, Key-mobileNumberAnd Value-9096834216
Entering mobile number
Waiting for,wait time-1000
Clicking on sign in with password
Waiting for,wait time-1000
Reading data from property file, Key-passwordAnd Value-pallavi@123
Entering password
Clicking on sign in
Waiting for complete load page, wait time-1500
Clicking on my account
Waiting for,wait time-1000
Clicking on my profile
Waiting for complete load page, wait time-1500
validatingUserName Execution started
Reading data from property file, Key-usernameAnd Value-Pallavi Pustake
Actual and expected username are matching - TC is paased
Taking screenshot and stored at-C:\Users\palla\EclipseWorksapce\PolicyBazzarProject\screenshots\Pallavi Pustake-POL_TC1233-FS.png
validatingUserName is successfully executed
]]></system-out>
    <system-err><![CDATA[Starting ChromeDriver 114.0.5735.90 (386bc09e8f4f2e025eddae123f36f6263096ae49-refs/branch-heads/5735@{#1052}) on port 6728
Only local connections are allowed.
Please see https://chromedriver.chromium.org/security-considerations for suggestions on keeping ChromeDriver safe.
ChromeDriver was started successfully.
Jul 01, 2023 10:57:35 AM org.openqa.selenium.devtools.CdpVersionFinder findNearestMatch
WARNING: Unable to find an exact match for CDP version 114, so returning the closest version found: 111
]]></system-err>
  </testcase>
</testsuite>