<?xml version="1.0" encoding="UTF-8"?>
<testng-results ignored="0" total="4" passed="4" failed="0" skipped="0">
  <reporter-output>
    <line>
      <![CDATA[Launching Policy Bazzar Appilcation]]>
    </line>
    <line>
      <![CDATA[Waiting for complete load page, wait time-1000]]>
    </line>
    <line>
      <![CDATA[Clicking on sign in home page]]>
    </line>
    <line>
      <![CDATA[Waiting for complete load page, wait time-1000]]>
    </line>
    <line>
      <![CDATA[Reading data from excel row number-1, cell number-0]]>
    </line>
    <line>
      <![CDATA[Entering mobile number]]>
    </line>
    <line>
      <![CDATA[Waiting for,wait time-1000]]>
    </line>
    <line>
      <![CDATA[Clicking on sign in with password]]>
    </line>
    <line>
      <![CDATA[Waiting for,wait time-1000]]>
    </line>
    <line>
      <![CDATA[Reading data from excel row number-1, cell number-1]]>
    </line>
    <line>
      <![CDATA[Entering password]]>
    </line>
    <line>
      <![CDATA[Clicking on sign in]]>
    </line>
    <line>
      <![CDATA[Waiting for complete load page, wait time-1500]]>
    </line>
    <line>
      <![CDATA[Clicking on my account]]>
    </line>
    <line>
      <![CDATA[Waiting for,wait time-1000]]>
    </line>
    <line>
      <![CDATA[Clicking on my profile]]>
    </line>
    <line>
      <![CDATA[Waiting for complete load page, wait time-2000]]>
    </line>
    <line>
      <![CDATA[validatingProfilePageURL Execution started]]>
    </line>
    <line>
      <![CDATA[Actual and expected url are matching - TC is passed]]>
    </line>
    <line>
      <![CDATA[validatingProfilePageURL is successfully executed]]>
    </line>
    <line>
      <![CDATA[validatingUserName Execution started]]>
    </line>
    <line>
      <![CDATA[Reading data from excel row number-1, cell number-2]]>
    </line>
    <line>
      <![CDATA[Actual and expected username are matching - TC is Passed]]>
    </line>
    <line>
      <![CDATA[Taking screenshot and stored at-C:\Users\palla\EclipseWorksapce\PolicyBazzarProject\screenshots\Pallavi Pustake-POL_TC_1234-3g.png]]>
    </line>
    <line>
      <![CDATA[validatingUserName is successfully executed]]>
    </line>
    <line>
      <![CDATA[validatingEmailID Execution started]]>
    </line>
    <line>
      <![CDATA[Reading data from excel row number-1, cell number-3]]>
    </line>
    <line>
      <![CDATA[Actual and expected EmailID's are matching - TC is passed]]>
    </line>
    <line>
      <![CDATA[validatingEmailID is successfully executed]]>
    </line>
    <line>
      <![CDATA[Logging out from Policy Bazzar Application]]>
    </line>
    <line>
      <![CDATA[Launching Policy Bazzar Appilcation]]>
    </line>
    <line>
      <![CDATA[Waiting for complete load page, wait time-1000]]>
    </line>
    <line>
      <![CDATA[Waiting for,wait time-500]]>
    </line>
    <line>
      <![CDATA[Clicking on sign in home page]]>
    </line>
    <line>
      <![CDATA[Waiting for complete load page, wait time-1000]]>
    </line>
    <line>
      <![CDATA[Reading data from property file, Key-mobileNumberAnd Value-9096834216]]>
    </line>
    <line>
      <![CDATA[Entering mobile number]]>
    </line>
    <line>
      <![CDATA[Waiting for,wait time-1000]]>
    </line>
    <line>
      <![CDATA[Clicking on sign in with password]]>
    </line>
    <line>
      <![CDATA[Waiting for,wait time-1000]]>
    </line>
    <line>
      <![CDATA[Reading data from property file, Key-passwordAnd Value-pallavi@123]]>
    </line>
    <line>
      <![CDATA[Entering password]]>
    </line>
    <line>
      <![CDATA[Clicking on sign in]]>
    </line>
    <line>
      <![CDATA[Waiting for complete load page, wait time-1500]]>
    </line>
    <line>
      <![CDATA[Clicking on my account]]>
    </line>
    <line>
      <![CDATA[Waiting for,wait time-1000]]>
    </line>
    <line>
      <![CDATA[Clicking on my profile]]>
    </line>
    <line>
      <![CDATA[Waiting for complete load page, wait time-1500]]>
    </line>
    <line>
      <![CDATA[validatingUserName Execution started]]>
    </line>
    <line>
      <![CDATA[Reading data from property file, Key-usernameAnd Value-Pallavi Pustake]]>
    </line>
    <line>
      <![CDATA[Actual and expected username are matching - TC is paased]]>
    </line>
    <line>
      <![CDATA[Taking screenshot and stored at-C:\Users\palla\EclipseWorksapce\PolicyBazzarProject\screenshots\Pallavi Pustake-POL_TC1233-FS.png]]>
    </line>
    <line>
      <![CDATA[validatingUserName is successfully executed]]>
    </line>
    <line>
      <![CDATA[Logging out from Policy Bazzar Application]]>
    </line>
  </reporter-output>
  <suite started-at="2023-07-01T10:57:06 IST" name="Suite" finished-at="2023-07-01T10:57:32 IST" duration-ms="25584">
    <groups>
    </groups>
    <test started-at="2023-07-01T10:57:06 IST" name="Test" finished-at="2023-07-01T10:57:32 IST" duration-ms="25584">
      <class name="testPolicyBazzar.POL_TC_1234_ValidatingPersonalDetails">
        <test-method is-config="true" signature="openPolicyBazzarApplication()[pri:0, instance:testPolicyBazzar.POL_TC_1234_ValidatingPersonalDetails@4d5650ae]" started-at="2023-07-01T10:57:06 IST" name="openPolicyBazzarApplication" finished-at="2023-07-01T10:57:27 IST" duration-ms="20376" status="PASS">
          <reporter-output>
            <line>
              <![CDATA[Launching Policy Bazzar Appilcation]]>
            </line>
            <line>
              <![CDATA[Waiting for complete load page, wait time-1000]]>
            </line>
            <line>
              <![CDATA[Clicking on sign in home page]]>
            </line>
            <line>
              <![CDATA[Waiting for complete load page, wait time-1000]]>
            </line>
            <line>
              <![CDATA[Reading data from excel row number-1, cell number-0]]>
            </line>
            <line>
              <![CDATA[Entering mobile number]]>
            </line>
            <line>
              <![CDATA[Waiting for,wait time-1000]]>
            </line>
            <line>
              <![CDATA[Clicking on sign in with password]]>
            </line>
            <line>
              <![CDATA[Waiting for,wait time-1000]]>
            </line>
            <line>
              <![CDATA[Reading data from excel row number-1, cell number-1]]>
            </line>
            <line>
              <![CDATA[Entering password]]>
            </line>
            <line>
              <![CDATA[Clicking on sign in]]>
            </line>
            <line>
              <![CDATA[Waiting for complete load page, wait time-1500]]>
            </line>
            <line>
              <![CDATA[Clicking on my account]]>
            </line>
            <line>
              <![CDATA[Waiting for,wait time-1000]]>
            </line>
            <line>
              <![CDATA[Clicking on my profile]]>
            </line>
            <line>
              <![CDATA[Waiting for complete load page, wait time-2000]]>
            </line>
          </reporter-output>
        </test-method> <!-- openPolicyBazzarApplication -->
        <test-method signature="validatingProfilePageURL()[pri:-1, instance:testPolicyBazzar.POL_TC_1234_ValidatingPersonalDetails@4d5650ae]" started-at="2023-07-01T10:57:27 IST" name="validatingProfilePageURL" finished-at="2023-07-01T10:57:30 IST" duration-ms="2897" status="PASS">
          <reporter-output>
            <line>
              <![CDATA[validatingProfilePageURL Execution started]]>
            </line>
            <line>
              <![CDATA[Actual and expected url are matching - TC is passed]]>
            </line>
            <line>
              <![CDATA[validatingProfilePageURL is successfully executed]]>
            </line>
          </reporter-output>
        </test-method> <!-- validatingProfilePageURL -->
        <test-method signature="validatingUserName()[pri:0, instance:testPolicyBazzar.POL_TC_1234_ValidatingPersonalDetails@4d5650ae]" started-at="2023-07-01T10:57:30 IST" name="validatingUserName" finished-at="2023-07-01T10:57:31 IST" duration-ms="1292" status="PASS">
          <reporter-output>
            <line>
              <![CDATA[validatingUserName Execution started]]>
            </line>
            <line>
              <![CDATA[Reading data from excel row number-1, cell number-2]]>
            </line>
            <line>
              <![CDATA[Actual and expected username are matching - TC is Passed]]>
            </line>
            <line>
              <![CDATA[Taking screenshot and stored at-C:\Users\palla\EclipseWorksapce\PolicyBazzarProject\screenshots\Pallavi Pustake-POL_TC_1234-3g.png]]>
            </line>
            <line>
              <![CDATA[validatingUserName is successfully executed]]>
            </line>
          </reporter-output>
        </test-method> <!-- validatingUserName -->
        <test-method signature="validatingEmailID()[pri:1, instance:testPolicyBazzar.POL_TC_1234_ValidatingPersonalDetails@4d5650ae]" started-at="2023-07-01T10:57:31 IST" name="validatingEmailID" finished-at="2023-07-01T10:57:31 IST" duration-ms="128" status="PASS">
          <reporter-output>
            <line>
              <![CDATA[validatingEmailID Execution started]]>
            </line>
            <line>
              <![CDATA[Reading data from excel row number-1, cell number-3]]>
            </line>
            <line>
              <![CDATA[Actual and expected EmailID's are matching - TC is passed]]>
            </line>
            <line>
              <![CDATA[validatingEmailID is successfully executed]]>
            </line>
          </reporter-output>
        </test-method> <!-- validatingEmailID -->
        <test-method is-config="true" signature="closingBrowser()[pri:0, instance:testPolicyBazzar.POL_TC_1234_ValidatingPersonalDetails@4d5650ae]" started-at="2023-07-01T10:57:31 IST" name="closingBrowser" finished-at="2023-07-01T10:57:32 IST" duration-ms="773" status="PASS">
          <reporter-output>
            <line>
              <![CDATA[Logging out from Policy Bazzar Application]]>
            </line>
          </reporter-output>
        </test-method> <!-- closingBrowser -->
      </class> <!-- testPolicyBazzar.POL_TC_1234_ValidatingPersonalDetails -->
    </test> <!-- Test -->
  </suite> <!-- Suite -->
  <suite started-at="2023-07-01T10:57:32 IST" name="Suite (0)" finished-at="2023-07-01T10:57:52 IST" duration-ms="20542">
    <groups>
    </groups>
    <test started-at="2023-07-01T10:57:32 IST" name="Test" finished-at="2023-07-01T10:57:52 IST" duration-ms="20542">
      <class name="testPolicyBazzar.POL_TC_1233_ValidatingPolicyBazzarUserNamePropertyFile">
        <test-method is-config="true" signature="openPolicyBazzarApplication()[pri:0, instance:testPolicyBazzar.POL_TC_1233_ValidatingPolicyBazzarUserNamePropertyFile@15bb5034]" started-at="2023-07-01T10:57:32 IST" name="openPolicyBazzarApplication" finished-at="2023-07-01T10:57:39 IST" duration-ms="6616" status="PASS">
          <reporter-output>
            <line>
              <![CDATA[Launching Policy Bazzar Appilcation]]>
            </line>
            <line>
              <![CDATA[Waiting for complete load page, wait time-1000]]>
            </line>
          </reporter-output>
        </test-method> <!-- openPolicyBazzarApplication -->
        <test-method is-config="true" signature="signInToPolicyBazzar()[pri:0, instance:testPolicyBazzar.POL_TC_1233_ValidatingPolicyBazzarUserNamePropertyFile@15bb5034]" started-at="2023-07-01T10:57:39 IST" name="signInToPolicyBazzar" finished-at="2023-07-01T10:57:48 IST" duration-ms="9526" status="PASS">
          <reporter-output>
            <line>
              <![CDATA[Waiting for,wait time-500]]>
            </line>
            <line>
              <![CDATA[Clicking on sign in home page]]>
            </line>
            <line>
              <![CDATA[Waiting for complete load page, wait time-1000]]>
            </line>
            <line>
              <![CDATA[Reading data from property file, Key-mobileNumberAnd Value-9096834216]]>
            </line>
            <line>
              <![CDATA[Entering mobile number]]>
            </line>
            <line>
              <![CDATA[Waiting for,wait time-1000]]>
            </line>
            <line>
              <![CDATA[Clicking on sign in with password]]>
            </line>
            <line>
              <![CDATA[Waiting for,wait time-1000]]>
            </line>
            <line>
              <![CDATA[Reading data from property file, Key-passwordAnd Value-pallavi@123]]>
            </line>
            <line>
              <![CDATA[Entering password]]>
            </line>
            <line>
              <![CDATA[Clicking on sign in]]>
            </line>
            <line>
              <![CDATA[Waiting for complete load page, wait time-1500]]>
            </line>
            <line>
              <![CDATA[Clicking on my account]]>
            </line>
            <line>
              <![CDATA[Waiting for,wait time-1000]]>
            </line>
            <line>
              <![CDATA[Clicking on my profile]]>
            </line>
            <line>
              <![CDATA[Waiting for complete load page, wait time-1500]]>
            </line>
          </reporter-output>
        </test-method> <!-- signInToPolicyBazzar -->
        <test-method signature="validatingUserName()[pri:0, instance:testPolicyBazzar.POL_TC_1233_ValidatingPolicyBazzarUserNamePropertyFile@15bb5034]" started-at="2023-07-01T10:57:48 IST" name="validatingUserName" finished-at="2023-07-01T10:57:52 IST" duration-ms="3704" status="PASS">
          <reporter-output>
            <line>
              <![CDATA[validatingUserName Execution started]]>
            </line>
            <line>
              <![CDATA[Reading data from property file, Key-usernameAnd Value-Pallavi Pustake]]>
            </line>
            <line>
              <![CDATA[Actual and expected username are matching - TC is paased]]>
            </line>
            <line>
              <![CDATA[Taking screenshot and stored at-C:\Users\palla\EclipseWorksapce\PolicyBazzarProject\screenshots\Pallavi Pustake-POL_TC1233-FS.png]]>
            </line>
            <line>
              <![CDATA[validatingUserName is successfully executed]]>
            </line>
          </reporter-output>
        </test-method> <!-- validatingUserName -->
        <test-method is-config="true" signature="logOutFromPolicyBazzar()[pri:0, instance:testPolicyBazzar.POL_TC_1233_ValidatingPolicyBazzarUserNamePropertyFile@15bb5034]" started-at="2023-07-01T10:57:52 IST" name="logOutFromPolicyBazzar" finished-at="2023-07-01T10:57:52 IST" duration-ms="304" status="PASS">
          <reporter-output>
            <line>
              <![CDATA[Logging out from Policy Bazzar Application]]>
            </line>
          </reporter-output>
        </test-method> <!-- logOutFromPolicyBazzar -->
        <test-method is-config="true" signature="closingBrowser()[pri:0, instance:testPolicyBazzar.POL_TC_1233_ValidatingPolicyBazzarUserNamePropertyFile@15bb5034]" started-at="2023-07-01T10:57:52 IST" name="closingBrowser" finished-at="2023-07-01T10:57:52 IST" duration-ms="385" status="PASS">
          <reporter-output>
          </reporter-output>
        </test-method> <!-- closingBrowser -->
      </class> <!-- testPolicyBazzar.POL_TC_1233_ValidatingPolicyBazzarUserNamePropertyFile -->
    </test> <!-- Test -->
  </suite> <!-- Suite (0) -->
</testng-results>
