<?xml version="1.0" encoding="UTF-8"?>
<testng-results ignored="0" total="4" passed="4" failed="0" skipped="0">
  <reporter-output>
    <line>
      <![CDATA[Launching Policy Bazzar Appilcation]]>
    </line>
    <line>
      <![CDATA[Waiting for complete load page, wait time-1000]]>
    </line>
    <line>
      <![CDATA[Clicking on sign in home page]]>
    </line>
    <line>
      <![CDATA[Waiting for complete load page, wait time-1000]]>
    </line>
    <line>
      <![CDATA[Reading data from excel row number-1, cell number-0]]>
    </line>
    <line>
      <![CDATA[Entering mobile number]]>
    </line>
    <line>
      <![CDATA[Waiting for,wait time-1000]]>
    </line>
    <line>
      <![CDATA[Clicking on sign in with password]]>
    </line>
    <line>
      <![CDATA[Waiting for,wait time-1000]]>
    </line>
    <line>
      <![CDATA[Reading data from excel row number-1, cell number-1]]>
    </line>
    <line>
      <![CDATA[Entering password]]>
    </line>
    <line>
      <![CDATA[Clicking on sign in]]>
    </line>
    <line>
      <![CDATA[Waiting for complete load page, wait time-1500]]>
    </line>
    <line>
      <![CDATA[Clicking on my account]]>
    </line>
    <line>
      <![CDATA[Waiting for,wait time-1000]]>
    </line>
    <line>
      <![CDATA[Clicking on my profile]]>
    </line>
    <line>
      <![CDATA[Waiting for complete load page, wait time-2000]]>
    </line>
    <line>
      <![CDATA[Actual and expected url are matching - TC is passed]]>
    </line>
    <line>
      <![CDATA[Female radio button is selected]]>
    </line>
    <line>
      <![CDATA[Reading data from excel row number-1, cell number-2]]>
    </line>
    <line>
      <![CDATA[Actual and expected username are matching - TC is Passed]]>
    </line>
    <line>
      <![CDATA[Taking screenshot and stored at-C:\Users\palla\EclipseWorksapce\PolicyBazzarProject\screenshots\Pallavi Pustake-POL_TC_1234-Cg.png]]>
    </line>
    <line>
      <![CDATA[Reading data from excel row number-1, cell number-3]]>
    </line>
    <line>
      <![CDATA[Actual and expected EmailID's are matching - TC is passed]]>
    </line>
    <line>
      <![CDATA[Logging out from Policy Bazzar Application]]>
    </line>
  </reporter-output>
  <suite started-at="2023-07-05T12:32:05 IST" name="Default suite" finished-at="2023-07-05T12:32:36 IST" duration-ms="31155">
    <groups>
    </groups>
    <test started-at="2023-07-05T12:32:05 IST" name="Default test" finished-at="2023-07-05T12:32:36 IST" duration-ms="31155">
      <class name="testPolicyBazzar.POL_TC_1234_ValidatingPersonalDetails">
        <test-method is-config="true" signature="openPolicyBazzarApplication()[pri:0, instance:testPolicyBazzar.POL_TC_1234_ValidatingPersonalDetails@75d3a5e0]" started-at="2023-07-05T12:32:05 IST" name="openPolicyBazzarApplication" finished-at="2023-07-05T12:32:29 IST" duration-ms="24258" status="PASS">
          <reporter-output>
            <line>
              <![CDATA[Launching Policy Bazzar Appilcation]]>
            </line>
            <line>
              <![CDATA[Waiting for complete load page, wait time-1000]]>
            </line>
            <line>
              <![CDATA[Clicking on sign in home page]]>
            </line>
            <line>
              <![CDATA[Waiting for complete load page, wait time-1000]]>
            </line>
            <line>
              <![CDATA[Reading data from excel row number-1, cell number-0]]>
            </line>
            <line>
              <![CDATA[Entering mobile number]]>
            </line>
            <line>
              <![CDATA[Waiting for,wait time-1000]]>
            </line>
            <line>
              <![CDATA[Clicking on sign in with password]]>
            </line>
            <line>
              <![CDATA[Waiting for,wait time-1000]]>
            </line>
            <line>
              <![CDATA[Reading data from excel row number-1, cell number-1]]>
            </line>
            <line>
              <![CDATA[Entering password]]>
            </line>
            <line>
              <![CDATA[Clicking on sign in]]>
            </line>
            <line>
              <![CDATA[Waiting for complete load page, wait time-1500]]>
            </line>
            <line>
              <![CDATA[Clicking on my account]]>
            </line>
            <line>
              <![CDATA[Waiting for,wait time-1000]]>
            </line>
            <line>
              <![CDATA[Clicking on my profile]]>
            </line>
            <line>
              <![CDATA[Waiting for complete load page, wait time-2000]]>
            </line>
          </reporter-output>
        </test-method> <!-- openPolicyBazzarApplication -->
        <test-method signature="validatingProfilePageURL()[pri:-1, instance:testPolicyBazzar.POL_TC_1234_ValidatingPersonalDetails@75d3a5e0]" started-at="2023-07-05T12:32:29 IST" name="validatingProfilePageURL" finished-at="2023-07-05T12:32:33 IST" duration-ms="4196" status="PASS">
          <reporter-output>
            <line>
              <![CDATA[Actual and expected url are matching - TC is passed]]>
            </line>
          </reporter-output>
        </test-method> <!-- validatingProfilePageURL -->
        <test-method signature="validatingFemaleRadioSelection()[pri:0, instance:testPolicyBazzar.POL_TC_1234_ValidatingPersonalDetails@75d3a5e0]" started-at="2023-07-05T12:32:33 IST" name="validatingFemaleRadioSelection" finished-at="2023-07-05T12:32:35 IST" duration-ms="1171" status="PASS">
          <reporter-output>
            <line>
              <![CDATA[Female radio button is selected]]>
            </line>
          </reporter-output>
        </test-method> <!-- validatingFemaleRadioSelection -->
        <test-method signature="validatingUserName()[pri:0, instance:testPolicyBazzar.POL_TC_1234_ValidatingPersonalDetails@75d3a5e0]" started-at="2023-07-05T12:32:35 IST" name="validatingUserName" finished-at="2023-07-05T12:32:35 IST" duration-ms="588" status="PASS">
          <reporter-output>
            <line>
              <![CDATA[Reading data from excel row number-1, cell number-2]]>
            </line>
            <line>
              <![CDATA[Actual and expected username are matching - TC is Passed]]>
            </line>
            <line>
              <![CDATA[Taking screenshot and stored at-C:\Users\palla\EclipseWorksapce\PolicyBazzarProject\screenshots\Pallavi Pustake-POL_TC_1234-Cg.png]]>
            </line>
          </reporter-output>
        </test-method> <!-- validatingUserName -->
        <test-method signature="validatingEmailID()[pri:1, instance:testPolicyBazzar.POL_TC_1234_ValidatingPersonalDetails@75d3a5e0]" started-at="2023-07-05T12:32:35 IST" name="validatingEmailID" finished-at="2023-07-05T12:32:35 IST" duration-ms="134" status="PASS">
          <reporter-output>
            <line>
              <![CDATA[Reading data from excel row number-1, cell number-3]]>
            </line>
            <line>
              <![CDATA[Actual and expected EmailID's are matching - TC is passed]]>
            </line>
          </reporter-output>
        </test-method> <!-- validatingEmailID -->
        <test-method is-config="true" signature="closingBrowser()[pri:0, instance:testPolicyBazzar.POL_TC_1234_ValidatingPersonalDetails@75d3a5e0]" started-at="2023-07-05T12:32:35 IST" name="closingBrowser" finished-at="2023-07-05T12:32:36 IST" duration-ms="662" status="PASS">
          <reporter-output>
            <line>
              <![CDATA[Logging out from Policy Bazzar Application]]>
            </line>
          </reporter-output>
        </test-method> <!-- closingBrowser -->
      </class> <!-- testPolicyBazzar.POL_TC_1234_ValidatingPersonalDetails -->
    </test> <!-- Default test -->
  </suite> <!-- Default suite -->
</testng-results>
